Using pre-set license
Built from '2020.3/staging' branch; Version is '2020.3.11f1 (99c7afb366b3) revision 10078127'; Using compiler version '192528614'; Build Type 'Release'
OS: 'Windows 10 Home; OS build 19041.1052; Version 2004; 64bit' Language: 'en' Physical Memory: 16300 MB
BatchMode: 1, IsHumanControllingUs: 0, StartBugReporterOnCrash: 0, Is64bit: 1, IsPro: 0

 COMMAND LINE ARGUMENTS:
C:\Program Files\Unity\Hub\Editor\2020.3.11f1\Editor\Unity.exe
-adb2
-batchMode
-noUpm
-name
AssetImportWorker0
-projectPath
C:/Users/jsj59/OneDrive/Documents/GitHub/The-Great-Fleece/The-Great-Fleece/The  Great Fleece
-logFile
Logs/AssetImportWorker0.log
-srvPort
50537
Successfully changed project path to: C:/Users/jsj59/OneDrive/Documents/GitHub/The-Great-Fleece/The-Great-Fleece/The  Great Fleece
C:/Users/jsj59/OneDrive/Documents/GitHub/The-Great-Fleece/The-Great-Fleece/The  Great Fleece
Using Asset Import Pipeline V2.
Refreshing native plugins compatible for Editor in 34.93 ms, found 2 plugins.
Preloading 0 native plugins for Editor in 0.00 ms.
Initialize engine version: 2020.3.11f1 (99c7afb366b3)
[Subsystems] Discovering subsystems at path C:/Program Files/Unity/Hub/Editor/2020.3.11f1/Editor/Data/Resources/UnitySubsystems
[Subsystems] Discovering subsystems at path C:/Users/jsj59/OneDrive/Documents/GitHub/The-Great-Fleece/The-Great-Fleece/The  Great Fleece/Assets
GfxDevice: creating device client; threaded=0
Direct3D:
    Version:  Direct3D 11.0 [level 11.1]
    Renderer: NVIDIA GeForce RTX 2060 (ID=0x1f08)
    Vendor:   
    VRAM:     5980 MB
    Driver:   27.21.14.6140
Initialize mono
Mono path[0] = 'C:/Program Files/Unity/Hub/Editor/2020.3.11f1/Editor/Data/Managed'
Mono path[1] = 'C:/Program Files/Unity/Hub/Editor/2020.3.11f1/Editor/Data/MonoBleedingEdge/lib/mono/unityjit'
Mono config path = 'C:/Program Files/Unity/Hub/Editor/2020.3.11f1/Editor/Data/MonoBleedingEdge/etc'
Using monoOptions --debugger-agent=transport=dt_socket,embedding=1,server=y,suspend=n,address=127.0.0.1:56476
Begin MonoManager ReloadAssembly
Registering precompiled unity dll's ...
Register platform support module: C:/Program Files/Unity/Hub/Editor/2020.3.11f1/Editor/Data/PlaybackEngines/WebGLSupport/UnityEditor.WebGL.Extensions.dll
Register platform support module: C:/Program Files/Unity/Hub/Editor/2020.3.11f1/Editor/Data/PlaybackEngines/WindowsStandaloneSupport/UnityEditor.WindowsStandalone.Extensions.dll
Registered in 0.001974 seconds.
Native extension for WindowsStandalone target not found
Native extension for WebGL target not found
Refreshing native plugins compatible for Editor in 31.51 ms, found 2 plugins.
Preloading 0 native plugins for Editor in 0.00 ms.
Mono: successfully reloaded assembly
- Completed reload, in  1.557 seconds
Platform modules already initialized, skipping
Registering precompiled user dll's ...
Registered in 0.004114 seconds.
Begin MonoManager ReloadAssembly
Native extension for WindowsStandalone target not found
Native extension for WebGL target not found
Refreshing native plugins compatible for Editor in 0.41 ms, found 2 plugins.
Preloading 0 native plugins for Editor in 0.00 ms.
Mono: successfully reloaded assembly
- Completed reload, in  0.874 seconds
Platform modules already initialized, skipping
========================================================================
Worker process is ready to serve import requests
Launched and connected shader compiler UnityShaderCompiler.exe after 0.03 seconds
Refreshing native plugins compatible for Editor in 0.40 ms, found 2 plugins.
Preloading 0 native plugins for Editor in 0.00 ms.
Unloading 1662 Unused Serialized files (Serialized files now loaded: 0)
System memory in use before: 87.1 MB.
System memory in use after: 86.8 MB.

Unloading 20 unused Assets to reduce memory usage. Loaded Objects now: 2107.
Total: 2.375200 ms (FindLiveObjects: 0.150000 ms CreateObjectMapping: 0.048700 ms MarkObjects: 1.880000 ms  DeleteObjects: 0.295300 ms)

========================================================================
Received Import Request.
  path: Assets/The Great Fleece/Game/_Scenes/Learning/Environment_Finished
  artifactKey: Guid(cddfd9ed4174f4bedb5ca0fa320479d0) Importer(815301076,1909f56bfc062723c751e8b465ee728b)
Start importing Assets/The Great Fleece/Game/_Scenes/Learning/Environment_Finished using Guid(cddfd9ed4174f4bedb5ca0fa320479d0) Importer(815301076,1909f56bfc062723c751e8b465ee728b)  -> (artifact id: '100436a5bc05a7e0785a0c1a7423249b') in 0.004759 seconds
  Import took 0.009229 seconds .

========================================================================
Received Import Request.
  Time since last request: 6.106267 seconds.
  path: Assets/The Great Fleece/Game/_Scenes/Main.unity
  artifactKey: Guid(9b026484f43ebc14f85fe756ec990657) Importer(815301076,1909f56bfc062723c751e8b465ee728b)
Start importing Assets/The Great Fleece/Game/_Scenes/Main.unity using Guid(9b026484f43ebc14f85fe756ec990657) Importer(815301076,1909f56bfc062723c751e8b465ee728b)  -> (artifact id: '201037dff2fae8eb0cf5b12e92710552') in 0.009031 seconds
  Import took 0.012772 seconds .

AssetImportWorkerClient::OnTransportError - code=2 error=End of file
