Using pre-set license
Built from '2020.3/staging' branch; Version is '2020.3.11f1 (99c7afb366b3) revision 10078127'; Using compiler version '192528614'; Build Type 'Release'
OS: 'Windows 10 Home; OS build 19041.1052; Version 2004; 64bit' Language: 'en' Physical Memory: 8002 MB
BatchMode: 1, IsHumanControllingUs: 0, StartBugReporterOnCrash: 0, Is64bit: 1, IsPro: 0

 COMMAND LINE ARGUMENTS:
C:\Program Files\Unity\Hub\Editor\2020.3.11f1\Editor\Unity.exe
-adb2
-batchMode
-noUpm
-name
AssetImportWorker0
-projectPath
C:/Users/jsj59/Documents/GitHub/The-Great-Fleece/The  Great Fleece
-logFile
Logs/AssetImportWorker0.log
-srvPort
64585
Successfully changed project path to: C:/Users/jsj59/Documents/GitHub/The-Great-Fleece/The  Great Fleece
C:/Users/jsj59/Documents/GitHub/The-Great-Fleece/The  Great Fleece
Using Asset Import Pipeline V2.
Refreshing native plugins compatible for Editor in 58.50 ms, found 2 plugins.
Preloading 0 native plugins for Editor in 0.00 ms.
Initialize engine version: 2020.3.11f1 (99c7afb366b3)
[Subsystems] Discovering subsystems at path C:/Program Files/Unity/Hub/Editor/2020.3.11f1/Editor/Data/Resources/UnitySubsystems
[Subsystems] Discovering subsystems at path C:/Users/jsj59/Documents/GitHub/The-Great-Fleece/The  Great Fleece/Assets
GfxDevice: creating device client; threaded=0
Direct3D:
    Version:  Direct3D 11.0 [level 11.1]
    Renderer: Radeon RX 560X (ID=0x67ef)
    Vendor:   
    VRAM:     4077 MB
    Driver:   26.20.12036.4002
Initialize mono
Mono path[0] = 'C:/Program Files/Unity/Hub/Editor/2020.3.11f1/Editor/Data/Managed'
Mono path[1] = 'C:/Program Files/Unity/Hub/Editor/2020.3.11f1/Editor/Data/MonoBleedingEdge/lib/mono/unityjit'
Mono config path = 'C:/Program Files/Unity/Hub/Editor/2020.3.11f1/Editor/Data/MonoBleedingEdge/etc'
Using monoOptions --debugger-agent=transport=dt_socket,embedding=1,server=y,suspend=n,address=127.0.0.1:56032
Begin MonoManager ReloadAssembly
Registering precompiled unity dll's ...
Register platform support module: C:/Program Files/Unity/Hub/Editor/2020.3.11f1/Editor/Data/PlaybackEngines/WebGLSupport/UnityEditor.WebGL.Extensions.dll
Register platform support module: C:/Program Files/Unity/Hub/Editor/2020.3.11f1/Editor/Data/PlaybackEngines/WindowsStandaloneSupport/UnityEditor.WindowsStandalone.Extensions.dll
Registered in 0.004922 seconds.
Native extension for WindowsStandalone target not found
Native extension for WebGL target not found
Refreshing native plugins compatible for Editor in 53.27 ms, found 2 plugins.
Preloading 0 native plugins for Editor in 0.00 ms.
Mono: successfully reloaded assembly
- Completed reload, in  1.935 seconds
Platform modules already initialized, skipping
Registering precompiled user dll's ...
Registered in 0.006399 seconds.
Begin MonoManager ReloadAssembly
Native extension for WindowsStandalone target not found
Native extension for WebGL target not found
Refreshing native plugins compatible for Editor in 0.69 ms, found 2 plugins.
Preloading 0 native plugins for Editor in 0.00 ms.
Mono: successfully reloaded assembly
- Completed reload, in  1.489 seconds
Platform modules already initialized, skipping
========================================================================
Worker process is ready to serve import requests
Launched and connected shader compiler UnityShaderCompiler.exe after 0.06 seconds
Refreshing native plugins compatible for Editor in 0.69 ms, found 2 plugins.
Preloading 0 native plugins for Editor in 0.00 ms.
Unloading 1675 Unused Serialized files (Serialized files now loaded: 0)
System memory in use before: 86.4 MB.
System memory in use after: 86.0 MB.

Unloading 21 unused Assets to reduce memory usage. Loaded Objects now: 2121.
Total: 3.847200 ms (FindLiveObjects: 0.245500 ms CreateObjectMapping: 0.061800 ms MarkObjects: 3.059900 ms  DeleteObjects: 0.477900 ms)

========================================================================
Received Import Request.
  path: Assets/The Great Fleece/Game/_Scenes/Main.unity
  artifactKey: Guid(9b026484f43ebc14f85fe756ec990657) Importer(815301076,1909f56bfc062723c751e8b465ee728b)
Start importing Assets/The Great Fleece/Game/_Scenes/Main.unity using Guid(9b026484f43ebc14f85fe756ec990657) Importer(815301076,1909f56bfc062723c751e8b465ee728b)  -> (artifact id: '9ba7aaa9f07020ebd33f2789b9287b97') in 0.015518 seconds
  Import took 0.020522 seconds .

========================================================================
Received Prepare
Registering precompiled user dll's ...
Registered in 0.008913 seconds.
Begin MonoManager ReloadAssembly
Native extension for WindowsStandalone target not found
Native extension for WebGL target not found
Refreshing native plugins compatible for Editor in 2.87 ms, found 2 plugins.
Preloading 0 native plugins for Editor in 0.00 ms.
Mono: successfully reloaded assembly
- Completed reload, in  2.177 seconds
Platform modules already initialized, skipping
Refreshing native plugins compatible for Editor in 1.05 ms, found 2 plugins.
Preloading 0 native plugins for Editor in 0.00 ms.
Unloading 1633 Unused Serialized files (Serialized files now loaded: 0)
System memory in use before: 82.7 MB.
System memory in use after: 82.4 MB.

Unloading 16 unused Assets to reduce memory usage. Loaded Objects now: 2124.
Total: 7.000700 ms (FindLiveObjects: 0.800600 ms CreateObjectMapping: 0.106100 ms MarkObjects: 5.473500 ms  DeleteObjects: 0.614900 ms)

========================================================================
Received Prepare
Registering precompiled user dll's ...
Registered in 0.006535 seconds.
Begin MonoManager ReloadAssembly
Native extension for WindowsStandalone target not found
Native extension for WebGL target not found
Refreshing native plugins compatible for Editor in 0.53 ms, found 2 plugins.
Preloading 0 native plugins for Editor in 0.00 ms.
Mono: successfully reloaded assembly
- Completed reload, in  1.575 seconds
Platform modules already initialized, skipping
Refreshing native plugins compatible for Editor in 1.36 ms, found 2 plugins.
Preloading 0 native plugins for Editor in 0.00 ms.
Unloading 1633 Unused Serialized files (Serialized files now loaded: 0)
System memory in use before: 82.7 MB.
System memory in use after: 82.5 MB.

Unloading 16 unused Assets to reduce memory usage. Loaded Objects now: 2127.
Total: 5.926300 ms (FindLiveObjects: 0.589900 ms CreateObjectMapping: 0.263800 ms MarkObjects: 4.494400 ms  DeleteObjects: 0.575300 ms)

========================================================================
Received Import Request.
  Time since last request: 788.276652 seconds.
  path: Assets/The Great Fleece/Game/Scripts/Loading.cs
  artifactKey: Guid(bbb8ea2a70a6ef64dbd0a5960b5da235) Importer(815301076,1909f56bfc062723c751e8b465ee728b)
Start importing Assets/The Great Fleece/Game/Scripts/Loading.cs using Guid(bbb8ea2a70a6ef64dbd0a5960b5da235) Importer(815301076,1909f56bfc062723c751e8b465ee728b)  -> (artifact id: 'a0fdfbf1aeb5fe3a890ee28e3e152362') in 0.041814 seconds
  Import took 0.046313 seconds .

========================================================================
Received Prepare
Registering precompiled user dll's ...
Registered in 0.010920 seconds.
Begin MonoManager ReloadAssembly
Native extension for WindowsStandalone target not found
Native extension for WebGL target not found
Refreshing native plugins compatible for Editor in 0.60 ms, found 2 plugins.
Preloading 0 native plugins for Editor in 0.00 ms.
Mono: successfully reloaded assembly
- Completed reload, in  1.324 seconds
Platform modules already initialized, skipping
Refreshing native plugins compatible for Editor in 0.64 ms, found 2 plugins.
Preloading 0 native plugins for Editor in 0.00 ms.
Unloading 1633 Unused Serialized files (Serialized files now loaded: 0)
System memory in use before: 82.7 MB.
System memory in use after: 82.5 MB.

Unloading 16 unused Assets to reduce memory usage. Loaded Objects now: 2130.
Total: 2.906400 ms (FindLiveObjects: 0.244400 ms CreateObjectMapping: 0.060100 ms MarkObjects: 2.203400 ms  DeleteObjects: 0.396400 ms)

========================================================================
Received Import Request.
  Time since last request: 756.523794 seconds.
  path: Assets/The Great Fleece/Game/Scripts/Loading.cs
  artifactKey: Guid(bbb8ea2a70a6ef64dbd0a5960b5da235) Importer(815301076,1909f56bfc062723c751e8b465ee728b)
Start importing Assets/The Great Fleece/Game/Scripts/Loading.cs using Guid(bbb8ea2a70a6ef64dbd0a5960b5da235) Importer(815301076,1909f56bfc062723c751e8b465ee728b)  -> (artifact id: 'abdcb55ab2f1910ddff633a7e1864e2a') in 0.007207 seconds
  Import took 0.012094 seconds .

========================================================================
Received Prepare
Registering precompiled user dll's ...
Registered in 0.006583 seconds.
Begin MonoManager ReloadAssembly
Native extension for WindowsStandalone target not found
Native extension for WebGL target not found
Refreshing native plugins compatible for Editor in 0.55 ms, found 2 plugins.
Preloading 0 native plugins for Editor in 0.00 ms.
Mono: successfully reloaded assembly
- Completed reload, in  1.337 seconds
Platform modules already initialized, skipping
Refreshing native plugins compatible for Editor in 0.54 ms, found 2 plugins.
Preloading 0 native plugins for Editor in 0.00 ms.
Unloading 1633 Unused Serialized files (Serialized files now loaded: 0)
System memory in use before: 82.8 MB.
System memory in use after: 82.5 MB.

Unloading 16 unused Assets to reduce memory usage. Loaded Objects now: 2133.
Total: 3.496400 ms (FindLiveObjects: 0.235200 ms CreateObjectMapping: 0.059600 ms MarkObjects: 2.667800 ms  DeleteObjects: 0.531700 ms)

AssetImportWorkerClient::OnTransportError - code=2 error=End of file
